<?xml version="1.0" encoding="UTF-8"?>
<testsuite name="co.com.certificacion.google.runners.Google" tests="0" skipped="0" failures="0" errors="0" timestamp="1970-01-01T00:00:00" hostname="DESKTOP-5GQOG64" time="0.0">
  <properties/>
  <system-out><![CDATA[
?[31mFailed scenarios:?[0m
?[31msrc/test/resources/features/google.feature:8 ?[0m# As a user I enter a search criteria in google
?[31msrc/test/resources/features/google.feature:9 ?[0m# As a user I enter a search criteria in google
?[31msrc/test/resources/features/google.feature:10 ?[0m# As a user I enter a search criteria in google

3 Scenarios (?[31m3 failed?[0m)
6 Steps (?[31m3 failed?[0m, ?[32m3 passed?[0m)
0m18,314s

java.lang.AssertionError: The of() method is not supported for By-type Targets
	at net.serenitybdd.screenplay.ErrorTally.throwSummaryExceptionFrom(ErrorTally.java:36)
	at net.serenitybdd.screenplay.ErrorTally.reportAnyErrors(ErrorTally.java:30)
	at net.serenitybdd.screenplay.Actor.should(Actor.java:300)
	at co.com.certificacion.google.stepdefinitions.GoogleStepDefinitions.shouldCheckTheInfoElements(GoogleStepDefinitions.java:62)
	at ?.should check the info Publicidad(src/test/resources/features/google.feature:5)

java.lang.AssertionError: The of() method is not supported for By-type Targets
	at net.serenitybdd.screenplay.ErrorTally.throwSummaryExceptionFrom(ErrorTally.java:36)
	at net.serenitybdd.screenplay.ErrorTally.reportAnyErrors(ErrorTally.java:30)
	at net.serenitybdd.screenplay.Actor.should(Actor.java:300)
	at co.com.certificacion.google.stepdefinitions.GoogleStepDefinitions.shouldCheckTheInfoElements(GoogleStepDefinitions.java:62)
	at ?.should check the info Negocios(src/test/resources/features/google.feature:5)

java.lang.AssertionError: The of() method is not supported for By-type Targets
	at net.serenitybdd.screenplay.ErrorTally.throwSummaryExceptionFrom(ErrorTally.java:36)
	at net.serenitybdd.screenplay.ErrorTally.reportAnyErrors(ErrorTally.java:30)
	at net.serenitybdd.screenplay.Actor.should(Actor.java:300)
	at co.com.certificacion.google.stepdefinitions.GoogleStepDefinitions.shouldCheckTheInfoElements(GoogleStepDefinitions.java:62)
	at ?.should check the info Cómo funciona la Búsqueda(src/test/resources/features/google.feature:5)

]]></system-out>
  <system-err><![CDATA[[Test worker] INFO net.thucydides.core.steps.ConsoleLoggingListener - 

-------------------------------------------------------------------------------------
     _______. _______ .______       _______ .__   __.  __  .___________.____    ____ 
    /       ||   ____||   _  \     |   ____||  \ |  | |  | |           |\   \  /   / 
   |   (----`|  |__   |  |_)  |    |  |__   |   \|  | |  | `---|  |----` \   \/   /  
    \   \    |   __|  |      /     |   __|  |  . `  | |  |     |  |       \_    _/   
.----)   |   |  |____ |  |\  \----.|  |____ |  |\   | |  |     |  |         |  |     
|_______/    |_______|| _| `._____||_______||__| \__| |__|     |__|         |__|    
                                                                                     
 News and tutorials at http://www.serenity-bdd.info                                  
 Documentation at https://wakaleo.gitbooks.io/the-serenity-book/content/             
 Join the Serenity Community on Rocket Chat at https://serenity-bdd.rocket.chat      
 Serenity BDD Support and Training at http://serenity-bdd.info/#/trainingandsupport  
 Learn Serenity BDD online at http://serenity-dojo.com                               
-------------------------------------------------------------------------------------

[Test worker] INFO net.thucydides.core.steps.ConsoleLoggingListener - Test Suite Started: Test Google Search functionality
[Test worker] INFO net.thucydides.core.steps.ConsoleLoggingListener - 
 _____ _____ ____ _____   ____ _____  _    ____ _____ _____ ____  
|_   _| ____/ ___|_   _| / ___|_   _|/ \  |  _ \_   _| ____|  _ \ 
  | | |  _| \___ \ | |   \___ \ | | / _ \ | |_) || | |  _| | | | |
  | | | |___ ___) || |    ___) || |/ ___ \|  _ < | | | |___| |_| |
  |_| |_____|____/ |_|   |____/ |_/_/   \_\_| \_\|_| |_____|____/ 
                                                                  

TEST STARTED: As a user I enter a search criteria in google
-------------------------------------------------------------------(test-google-search-functionality;as-a-user-i-enter-a-search-criteria-in-google)
]]></system-err>
</testsuite>
