<?xml version="1.0" encoding="UTF-8"?><testsuite errors="3" failures="0" name="Test Google Search functionality" skipped="0" tests="3" time="18.04" timestamp="2022-07-11 03:11:00"><testcase name="As a user I enter a search criteria in google"><error message="The of() method is not supported for By-type Targets" type="java.lang.AssertionError">The of() method is not supported for By-type Targets</error><system-err>The of() method is not supported for By-type Targets&#13;
co.com.certificacion.google.stepdefinitions.GoogleStepDefinitions.shouldCheckTheInfoElements(GoogleStepDefinitions.java:62)&#13;
✽.should check the info Publicidad(src/test/resources/features/google.feature:5)&#13;
</system-err></testcase></testsuite>